<?xml version="1.0" encoding="UTF-8"?>
<testng-results skipped="0" failed="1" ignored="0" total="4" passed="3">
  <reporter-output>
  </reporter-output>
  <suite name="Default suite" duration-ms="63828" started-at="2017-12-24T17:22:57Z" finished-at="2017-12-24T17:24:01Z">
    <groups>
    </groups>
    <test name="Default test" duration-ms="63828" started-at="2017-12-24T17:22:57Z" finished-at="2017-12-24T17:24:01Z">
      <class name="com.advantis.test.modules.HomePageTest">
        <test-method status="PASS" signature="setUp()[pri:0, instance:com.advantis.test.modules.HomePageTest@49993335]" name="setUp" is-config="true" duration-ms="11833" started-at="2017-12-24T09:22:57Z" finished-at="2017-12-24T09:23:09Z">
          <reporter-output>
          </reporter-output>
        </test-method> <!-- setUp -->
        <test-method status="PASS" signature="testHomeLoanPageTitle()[pri:0, instance:com.advantis.test.modules.HomePageTest@49993335]" name="testHomeLoanPageTitle" duration-ms="3510" started-at="2017-12-24T09:23:09Z" finished-at="2017-12-24T09:23:12Z">
          <reporter-output>
          </reporter-output>
        </test-method> <!-- testHomeLoanPageTitle -->
        <test-method status="PASS" signature="closeBrowser()[pri:0, instance:com.advantis.test.modules.HomePageTest@49993335]" name="closeBrowser" is-config="true" duration-ms="20" started-at="2017-12-24T09:23:12Z" finished-at="2017-12-24T09:23:12Z">
          <reporter-output>
          </reporter-output>
        </test-method> <!-- closeBrowser -->
        <test-method status="PASS" signature="setUp()[pri:0, instance:com.advantis.test.modules.HomePageTest@49993335]" name="setUp" is-config="true" duration-ms="11402" started-at="2017-12-24T09:23:12Z" finished-at="2017-12-24T09:23:24Z">
          <reporter-output>
          </reporter-output>
        </test-method> <!-- setUp -->
        <test-method status="PASS" signature="testTitle()[pri:0, instance:com.advantis.test.modules.HomePageTest@49993335]" name="testTitle" duration-ms="28" started-at="2017-12-24T09:23:24Z" finished-at="2017-12-24T09:23:24Z">
          <reporter-output>
          </reporter-output>
        </test-method> <!-- testTitle -->
        <test-method status="PASS" signature="closeBrowser()[pri:0, instance:com.advantis.test.modules.HomePageTest@49993335]" name="closeBrowser" is-config="true" duration-ms="14" started-at="2017-12-24T09:23:24Z" finished-at="2017-12-24T09:23:24Z">
          <reporter-output>
          </reporter-output>
        </test-method> <!-- closeBrowser -->
        <test-method status="PASS" signature="setUp()[pri:0, instance:com.advantis.test.modules.HomePageTest@49993335]" name="setUp" is-config="true" duration-ms="12261" started-at="2017-12-24T09:23:24Z" finished-at="2017-12-24T09:23:36Z">
          <reporter-output>
          </reporter-output>
        </test-method> <!-- setUp -->
        <test-method status="FAIL" signature="verifyAllLinksTextInHomeLoanPage()[pri:0, instance:com.advantis.test.modules.HomePageTest@49993335]" name="verifyAllLinksTextInHomeLoanPage" duration-ms="8926" started-at="2017-12-24T09:23:36Z" finished-at="2017-12-24T09:23:45Z">
          <exception class="java.lang.IndexOutOfBoundsException">
            <message>
              <![CDATA[Index: 108, Size: 108]]>
            </message>
            <full-stacktrace>
              <![CDATA[java.lang.IndexOutOfBoundsException: Index: 108, Size: 108
	at java.util.ArrayList.rangeCheck(Unknown Source)
	at java.util.ArrayList.get(Unknown Source)
	at com.advantis.test.pages.HomeLoanPage.allLinkTexts(HomeLoanPage.java:36)
	at com.advantis.test.modules.HomePageTest.verifyAllLinksTextInHomeLoanPage(HomePageTest.java:51)
	at sun.reflect.NativeMethodAccessorImpl.invoke0(Native Method)
	at sun.reflect.NativeMethodAccessorImpl.invoke(Unknown Source)
	at sun.reflect.DelegatingMethodAccessorImpl.invoke(Unknown Source)
	at java.lang.reflect.Method.invoke(Unknown Source)
	at org.testng.internal.MethodInvocationHelper.invokeMethod(MethodInvocationHelper.java:104)
	at org.testng.internal.Invoker.invokeMethod(Invoker.java:645)
	at org.testng.internal.Invoker.invokeTestMethod(Invoker.java:851)
	at org.testng.internal.Invoker.invokeTestMethods(Invoker.java:1177)
	at org.testng.internal.TestMethodWorker.invokeTestMethods(TestMethodWorker.java:129)
	at org.testng.internal.TestMethodWorker.run(TestMethodWorker.java:112)
	at org.testng.TestRunner.privateRun(TestRunner.java:756)
	at org.testng.TestRunner.run(TestRunner.java:610)
	at org.testng.SuiteRunner.runTest(SuiteRunner.java:387)
	at org.testng.SuiteRunner.runSequentially(SuiteRunner.java:382)
	at org.testng.SuiteRunner.privateRun(SuiteRunner.java:340)
	at org.testng.SuiteRunner.run(SuiteRunner.java:289)
	at org.testng.SuiteRunnerWorker.runSuite(SuiteRunnerWorker.java:52)
	at org.testng.SuiteRunnerWorker.run(SuiteRunnerWorker.java:86)
	at org.testng.TestNG.runSuitesSequentially(TestNG.java:1293)
	at org.testng.TestNG.runSuitesLocally(TestNG.java:1218)
	at org.testng.TestNG.runSuites(TestNG.java:1133)
	at org.testng.TestNG.run(TestNG.java:1104)
	at org.testng.remote.AbstractRemoteTestNG.run(AbstractRemoteTestNG.java:132)
	at org.testng.remote.RemoteTestNG.initAndRun(RemoteTestNG.java:230)
	at org.testng.remote.RemoteTestNG.main(RemoteTestNG.java:76)
]]>
            </full-stacktrace>
          </exception> <!-- java.lang.IndexOutOfBoundsException -->
          <reporter-output>
          </reporter-output>
        </test-method> <!-- verifyAllLinksTextInHomeLoanPage -->
        <test-method status="PASS" signature="closeBrowser()[pri:0, instance:com.advantis.test.modules.HomePageTest@49993335]" name="closeBrowser" is-config="true" duration-ms="14" started-at="2017-12-24T09:23:45Z" finished-at="2017-12-24T09:23:45Z">
          <reporter-output>
          </reporter-output>
        </test-method> <!-- closeBrowser -->
        <test-method status="PASS" signature="setUp()[pri:0, instance:com.advantis.test.modules.HomePageTest@49993335]" name="setUp" is-config="true" duration-ms="12081" started-at="2017-12-24T09:23:45Z" finished-at="2017-12-24T09:23:57Z">
          <reporter-output>
          </reporter-output>
        </test-method> <!-- setUp -->
        <test-method status="PASS" signature="verifyTotalLinksOnHomeLoanPage()[pri:0, instance:com.advantis.test.modules.HomePageTest@49993335]" name="verifyTotalLinksOnHomeLoanPage" duration-ms="3671" started-at="2017-12-24T09:23:57Z" finished-at="2017-12-24T09:24:01Z">
          <reporter-output>
          </reporter-output>
        </test-method> <!-- verifyTotalLinksOnHomeLoanPage -->
        <test-method status="PASS" signature="closeBrowser()[pri:0, instance:com.advantis.test.modules.HomePageTest@49993335]" name="closeBrowser" is-config="true" duration-ms="28" started-at="2017-12-24T09:24:01Z" finished-at="2017-12-24T09:24:01Z">
          <reporter-output>
          </reporter-output>
        </test-method> <!-- closeBrowser -->
      </class> <!-- com.advantis.test.modules.HomePageTest -->
    </test> <!-- Default test -->
  </suite> <!-- Default suite -->
</testng-results>
